<?xml version="1.0" encoding="UTF-8"?>
<!DOCTYPE mapper PUBLIC "-//mybatis.org//DTD Mapper 3.0//EN" "http://mybatis.org/dtd/mybatis-3-mapper.dtd">
<mapper namespace="test">
	<select id="test" resultType="UserDTO">
		select * from USER
	</select>
	
	<select id="findByUsername" resultType="UserDTO">
		select * from USER
		where username = #{username}
	</select>
	
	<insert id="join" parameterType="UserDTO">
		insert into USER(NAME, PASSWORD, USERNAME)
		values (#{name}, #{password}, #{username})
	</insert>
	
	<select id="getUserData" parameterType="UserDTO" resultType="UserDTO">
		select USER_NO, NAME, USERNAME, FIR_YN, PW_ERR_CNT, RCT_ACC_DT, ROLE
		from USER
		where USERNAME = #{username} and ROLE = #{role}
	</select>
</mapper>